2024-03-16 16:21:31.273281+00:00 [notice] <0.248.0> Logging: configured log handlers are now ACTIVE
2024-03-16 16:21:31.280282+00:00 [info] <0.248.0> ra: starting system quorum_queues
2024-03-16 16:21:31.280362+00:00 [info] <0.248.0> starting Ra system: quorum_queues in directory: /var/lib/rabbitmq/mnesia/rabbit@df0fa61ba9fd/quorum/rabbit@df0fa61ba9fd
2024-03-16 16:21:31.409342+00:00 [info] <0.263.0> ra system 'quorum_queues' running pre init for 0 registered servers
2024-03-16 16:21:31.421188+00:00 [info] <0.264.0> ra: meta data store initialised for system quorum_queues. 0 record(s) recovered
2024-03-16 16:21:31.433684+00:00 [notice] <0.269.0> WAL: ra_log_wal init, open tbls: ra_log_open_mem_tables, closed tbls: ra_log_closed_mem_tables
2024-03-16 16:21:31.448247+00:00 [info] <0.248.0> ra: starting system coordination
2024-03-16 16:21:31.448296+00:00 [info] <0.248.0> starting Ra system: coordination in directory: /var/lib/rabbitmq/mnesia/rabbit@df0fa61ba9fd/coordination/rabbit@df0fa61ba9fd
2024-03-16 16:21:31.456506+00:00 [info] <0.276.0> ra system 'coordination' running pre init for 0 registered servers
2024-03-16 16:21:31.459864+00:00 [info] <0.277.0> ra: meta data store initialised for system coordination. 0 record(s) recovered
2024-03-16 16:21:31.460116+00:00 [notice] <0.282.0> WAL: ra_coordination_log_wal init, open tbls: ra_coordination_log_open_mem_tables, closed tbls: ra_coordination_log_closed_mem_tables
2024-03-16 16:21:31.470712+00:00 [info] <0.248.0> ra: starting system coordination
2024-03-16 16:21:31.470797+00:00 [info] <0.248.0> starting Ra system: coordination in directory: /var/lib/rabbitmq/mnesia/rabbit@df0fa61ba9fd/coordination/rabbit@df0fa61ba9fd
2024-03-16 16:21:31.577845+00:00 [info] <0.248.0> Waiting for Khepri leader for 30000 ms, 9 retries left
2024-03-16 16:21:31.587689+00:00 [notice] <0.285.0> RabbitMQ metadata store: candidate -> leader in term: 1 machine version: 0
2024-03-16 16:21:31.591927+00:00 [info] <0.248.0> Khepri leader elected
2024-03-16 16:21:31.834719+00:00 [info] <0.248.0> 
2024-03-16 16:21:31.834719+00:00 [info] <0.248.0>  Starting RabbitMQ 3.13.0 on Erlang 26.2.2 [jit]
2024-03-16 16:21:31.834719+00:00 [info] <0.248.0>  Copyright (c) 2007-2024 Broadcom Inc and/or its subsidiaries
2024-03-16 16:21:31.834719+00:00 [info] <0.248.0>  Licensed under the MPL 2.0. Website: https://rabbitmq.com
2024-03-16 16:21:31.838428+00:00 [info] <0.248.0> 
2024-03-16 16:21:31.838428+00:00 [info] <0.248.0>  node           : rabbit@df0fa61ba9fd
2024-03-16 16:21:31.838428+00:00 [info] <0.248.0>  home dir       : /var/lib/rabbitmq
2024-03-16 16:21:31.838428+00:00 [info] <0.248.0>  config file(s) : /etc/rabbitmq/rabbitmq.conf
2024-03-16 16:21:31.838428+00:00 [info] <0.248.0>  cookie hash    : D9VTplJNpzOOIfpq0g6EdA==
2024-03-16 16:21:31.838428+00:00 [info] <0.248.0>  log(s)         : /var/log/rabbitmq/rabbit@df0fa61ba9fd.log
2024-03-16 16:21:31.838428+00:00 [info] <0.248.0>                 : <stdout>
2024-03-16 16:21:31.838428+00:00 [info] <0.248.0>  data dir       : /var/lib/rabbitmq/mnesia/rabbit@df0fa61ba9fd
2024-03-16 16:21:32.133937+00:00 [info] <0.248.0> Running boot step pre_boot defined by app rabbit
2024-03-16 16:21:32.133983+00:00 [info] <0.248.0> Running boot step rabbit_global_counters defined by app rabbit
2024-03-16 16:21:32.134328+00:00 [info] <0.248.0> Running boot step rabbit_osiris_metrics defined by app rabbit
2024-03-16 16:21:32.134439+00:00 [info] <0.248.0> Running boot step rabbit_core_metrics defined by app rabbit
2024-03-16 16:21:32.135435+00:00 [info] <0.248.0> Running boot step rabbit_alarm defined by app rabbit
2024-03-16 16:21:32.143362+00:00 [info] <0.322.0> Memory high watermark set to 6355 MiB (6664552448 bytes) of 15889 MiB (16661381120 bytes) total
2024-03-16 16:21:32.145685+00:00 [info] <0.324.0> Enabling free disk space monitoring (disk free space: 660338376704, total memory: 16661381120)
2024-03-16 16:21:32.145743+00:00 [info] <0.324.0> Disk free limit set to 50MB
2024-03-16 16:21:32.147222+00:00 [info] <0.248.0> Running boot step code_server_cache defined by app rabbit
2024-03-16 16:21:32.147275+00:00 [info] <0.248.0> Running boot step file_handle_cache defined by app rabbit
2024-03-16 16:21:32.152174+00:00 [info] <0.327.0> Limiting to approx 1048479 file handles (943629 sockets)
2024-03-16 16:21:32.152302+00:00 [info] <0.328.0> FHC read buffering: OFF
2024-03-16 16:21:32.152338+00:00 [info] <0.328.0> FHC write buffering: ON
2024-03-16 16:21:32.152653+00:00 [info] <0.248.0> Running boot step worker_pool defined by app rabbit
2024-03-16 16:21:32.152725+00:00 [info] <0.308.0> Will use 24 processes for default worker pool
2024-03-16 16:21:32.152749+00:00 [info] <0.308.0> Starting worker pool 'worker_pool' with 24 processes in it
2024-03-16 16:21:32.153295+00:00 [info] <0.248.0> Running boot step database defined by app rabbit
2024-03-16 16:21:32.154195+00:00 [info] <0.248.0> Peer discovery: configured backend: rabbit_peer_discovery_classic_config
2024-03-16 16:21:32.157248+00:00 [notice] <0.309.0> Feature flags: attempt to enable `mqtt_v5`...
2024-03-16 16:21:32.180150+00:00 [notice] <0.309.0> Feature flags: attempt to enable `delete_ra_cluster_mqtt_node`...
2024-03-16 16:21:32.205137+00:00 [info] <0.365.0> Trying to acquire lock {mqtt_node,{mqtt_node,rabbit@df0fa61ba9fd}} on nodes [rabbit@df0fa61ba9fd] ...
2024-03-16 16:21:32.205231+00:00 [info] <0.365.0> Acquired lock {mqtt_node,{mqtt_node,rabbit@df0fa61ba9fd}}
2024-03-16 16:21:32.205258+00:00 [info] <0.365.0> Local Ra process mqtt_node does not exist
2024-03-16 16:21:32.205374+00:00 [info] <0.365.0> Released lock {mqtt_node,{mqtt_node,rabbit@df0fa61ba9fd}}
2024-03-16 16:21:32.231128+00:00 [notice] <0.309.0> Feature flags: `delete_ra_cluster_mqtt_node` enabled
2024-03-16 16:21:32.231190+00:00 [notice] <0.309.0> Feature flags: attempt to enable `message_containers`...
2024-03-16 16:21:32.283832+00:00 [notice] <0.309.0> Feature flags: `message_containers` enabled
2024-03-16 16:21:32.308826+00:00 [notice] <0.309.0> Feature flags: `mqtt_v5` enabled
2024-03-16 16:21:32.308948+00:00 [notice] <0.309.0> Feature flags: attempt to enable `detailed_queues_endpoint`...
2024-03-16 16:21:32.354683+00:00 [notice] <0.309.0> Feature flags: `detailed_queues_endpoint` enabled
2024-03-16 16:21:32.354802+00:00 [notice] <0.309.0> Feature flags: attempt to enable `stream_update_config_command`...
2024-03-16 16:21:32.404560+00:00 [notice] <0.309.0> Feature flags: `stream_update_config_command` enabled
2024-03-16 16:21:32.404678+00:00 [notice] <0.309.0> Feature flags: attempt to enable `stream_filtering`...
2024-03-16 16:21:32.453290+00:00 [notice] <0.309.0> Feature flags: `stream_filtering` enabled
2024-03-16 16:21:32.453394+00:00 [notice] <0.309.0> Feature flags: attempt to enable `stream_sac_coordinator_unblock_group`...
2024-03-16 16:21:32.502508+00:00 [notice] <0.309.0> Feature flags: `stream_sac_coordinator_unblock_group` enabled
2024-03-16 16:21:32.502633+00:00 [notice] <0.309.0> Feature flags: attempt to enable `restart_streams`...
2024-03-16 16:21:32.556260+00:00 [notice] <0.309.0> Feature flags: `restart_streams` enabled
2024-03-16 16:21:32.556418+00:00 [notice] <0.309.0> Feature flags: attempt to enable `rabbit_mqtt_qos0_queue`...
2024-03-16 16:21:32.606120+00:00 [notice] <0.309.0> Feature flags: `rabbit_mqtt_qos0_queue` enabled
2024-03-16 16:21:32.606437+00:00 [info] <0.248.0> DB: virgin node -> run peer discovery
2024-03-16 16:21:32.615865+00:00 [notice] <0.44.0> Application mnesia exited with reason: stopped
2024-03-16 16:21:32.911404+00:00 [info] <0.248.0> Waiting for Mnesia tables for 30000 ms, 9 retries left
2024-03-16 16:21:32.911503+00:00 [info] <0.248.0> Successfully synced tables from a peer
2024-03-16 16:21:32.911573+00:00 [info] <0.248.0> Waiting for Mnesia tables for 30000 ms, 9 retries left
2024-03-16 16:21:32.911632+00:00 [info] <0.248.0> Successfully synced tables from a peer
2024-03-16 16:21:32.933007+00:00 [info] <0.248.0> Waiting for Mnesia tables for 30000 ms, 9 retries left
2024-03-16 16:21:32.933122+00:00 [info] <0.248.0> Successfully synced tables from a peer
2024-03-16 16:21:32.933242+00:00 [info] <0.248.0> Running boot step tracking_metadata_store defined by app rabbit
2024-03-16 16:21:32.933333+00:00 [info] <0.579.0> Setting up a table for connection tracking on this node: tracked_connection
2024-03-16 16:21:32.933363+00:00 [info] <0.579.0> Setting up a table for per-vhost connection counting on this node: tracked_connection_per_vhost
2024-03-16 16:21:32.933406+00:00 [info] <0.579.0> Setting up a table for per-user connection counting on this node: tracked_connection_per_user
2024-03-16 16:21:32.933440+00:00 [info] <0.579.0> Setting up a table for channel tracking on this node: tracked_channel
2024-03-16 16:21:32.933456+00:00 [info] <0.579.0> Setting up a table for channel tracking on this node: tracked_channel_per_user
2024-03-16 16:21:32.933488+00:00 [info] <0.248.0> Running boot step networking_metadata_store defined by app rabbit
2024-03-16 16:21:32.933520+00:00 [info] <0.248.0> Running boot step feature_flags defined by app rabbit
2024-03-16 16:21:32.934662+00:00 [info] <0.248.0> Running boot step codec_correctness_check defined by app rabbit
2024-03-16 16:21:32.934686+00:00 [info] <0.248.0> Running boot step external_infrastructure defined by app rabbit
2024-03-16 16:21:32.934716+00:00 [info] <0.248.0> Running boot step rabbit_event defined by app rabbit
2024-03-16 16:21:32.934785+00:00 [info] <0.248.0> Running boot step rabbit_registry defined by app rabbit
2024-03-16 16:21:32.934823+00:00 [info] <0.248.0> Running boot step rabbit_auth_mechanism_amqplain defined by app rabbit
2024-03-16 16:21:32.934876+00:00 [info] <0.248.0> Running boot step rabbit_auth_mechanism_cr_demo defined by app rabbit
2024-03-16 16:21:32.934918+00:00 [info] <0.248.0> Running boot step rabbit_auth_mechanism_plain defined by app rabbit
2024-03-16 16:21:32.934970+00:00 [info] <0.248.0> Running boot step rabbit_exchange_type_direct defined by app rabbit
2024-03-16 16:21:32.935106+00:00 [info] <0.248.0> Running boot step rabbit_exchange_type_fanout defined by app rabbit
2024-03-16 16:21:32.935186+00:00 [info] <0.248.0> Running boot step rabbit_exchange_type_headers defined by app rabbit
2024-03-16 16:21:32.935236+00:00 [info] <0.248.0> Running boot step rabbit_exchange_type_topic defined by app rabbit
2024-03-16 16:21:32.935280+00:00 [info] <0.248.0> Running boot step rabbit_mirror_queue_mode_all defined by app rabbit
2024-03-16 16:21:32.935344+00:00 [info] <0.248.0> Running boot step rabbit_mirror_queue_mode_exactly defined by app rabbit
2024-03-16 16:21:32.935374+00:00 [info] <0.248.0> Running boot step rabbit_mirror_queue_mode_nodes defined by app rabbit
2024-03-16 16:21:32.935400+00:00 [info] <0.248.0> Running boot step rabbit_priority_queue defined by app rabbit
2024-03-16 16:21:32.935420+00:00 [info] <0.248.0> Priority queues enabled, real BQ is rabbit_variable_queue
2024-03-16 16:21:32.935505+00:00 [info] <0.248.0> Running boot step rabbit_queue_location_client_local defined by app rabbit
2024-03-16 16:21:32.935545+00:00 [info] <0.248.0> Running boot step rabbit_queue_location_min_masters defined by app rabbit
2024-03-16 16:21:32.935607+00:00 [info] <0.248.0> Running boot step rabbit_queue_location_random defined by app rabbit
2024-03-16 16:21:32.935650+00:00 [info] <0.248.0> Running boot step kernel_ready defined by app rabbit
2024-03-16 16:21:32.935660+00:00 [info] <0.248.0> Running boot step rabbit_sysmon_minder defined by app rabbit
2024-03-16 16:21:32.935781+00:00 [info] <0.248.0> Running boot step rabbit_epmd_monitor defined by app rabbit
2024-03-16 16:21:32.936337+00:00 [info] <0.587.0> epmd monitor knows us, inter-node communication (distribution) port: 25672
2024-03-16 16:21:32.936398+00:00 [info] <0.248.0> Running boot step guid_generator defined by app rabbit
2024-03-16 16:21:32.944016+00:00 [info] <0.248.0> Running boot step rabbit_node_monitor defined by app rabbit
2024-03-16 16:21:32.944203+00:00 [info] <0.591.0> Starting rabbit_node_monitor (in ignore mode)
2024-03-16 16:21:32.944269+00:00 [info] <0.248.0> Running boot step delegate_sup defined by app rabbit
2024-03-16 16:21:32.944638+00:00 [info] <0.248.0> Running boot step rabbit_memory_monitor defined by app rabbit
2024-03-16 16:21:32.944854+00:00 [info] <0.248.0> Running boot step rabbit_fifo_dlx_sup defined by app rabbit
2024-03-16 16:21:32.944945+00:00 [info] <0.248.0> Running boot step core_initialized defined by app rabbit
2024-03-16 16:21:32.944966+00:00 [info] <0.248.0> Running boot step rabbit_channel_tracking_handler defined by app rabbit
2024-03-16 16:21:32.945035+00:00 [info] <0.248.0> Running boot step rabbit_connection_tracking_handler defined by app rabbit
2024-03-16 16:21:32.945064+00:00 [info] <0.248.0> Running boot step rabbit_definitions_hashing defined by app rabbit
2024-03-16 16:21:32.945150+00:00 [info] <0.248.0> Running boot step rabbit_exchange_parameters defined by app rabbit
2024-03-16 16:21:32.966958+00:00 [info] <0.248.0> Running boot step rabbit_mirror_queue_misc defined by app rabbit
2024-03-16 16:21:32.967322+00:00 [info] <0.248.0> Running boot step rabbit_policies defined by app rabbit
2024-03-16 16:21:32.967461+00:00 [info] <0.248.0> Running boot step rabbit_policy defined by app rabbit
2024-03-16 16:21:32.967489+00:00 [info] <0.248.0> Running boot step rabbit_queue_location_validator defined by app rabbit
2024-03-16 16:21:32.967510+00:00 [info] <0.248.0> Running boot step rabbit_quorum_memory_manager defined by app rabbit
2024-03-16 16:21:32.967557+00:00 [info] <0.248.0> Running boot step rabbit_quorum_queue defined by app rabbit
2024-03-16 16:21:32.967611+00:00 [info] <0.248.0> Running boot step rabbit_stream_coordinator defined by app rabbit
2024-03-16 16:21:32.967849+00:00 [info] <0.248.0> Running boot step rabbit_vhost_limit defined by app rabbit
2024-03-16 16:21:32.967914+00:00 [info] <0.248.0> Running boot step rabbit_mgmt_reset_handler defined by app rabbitmq_management
2024-03-16 16:21:32.967979+00:00 [info] <0.248.0> Running boot step rabbit_mgmt_db_handler defined by app rabbitmq_management_agent
2024-03-16 16:21:32.968031+00:00 [info] <0.248.0> Management plugin: using rates mode 'basic'
2024-03-16 16:21:32.968230+00:00 [info] <0.248.0> Running boot step recovery defined by app rabbit
2024-03-16 16:21:32.976919+00:00 [info] <0.248.0> Running boot step empty_db_check defined by app rabbit
2024-03-16 16:21:32.976969+00:00 [info] <0.248.0> Will seed default virtual host and user...
2024-03-16 16:21:32.977061+00:00 [info] <0.248.0> Adding vhost '/' (description: 'Default virtual host', tags: [])
2024-03-16 16:21:32.980208+00:00 [info] <0.248.0> Inserted a virtual host record {vhost,<<"/">>,[],
2024-03-16 16:21:32.980208+00:00 [info] <0.248.0>                                       #{description =>
2024-03-16 16:21:32.980208+00:00 [info] <0.248.0>                                             <<"Default virtual host">>,
2024-03-16 16:21:32.980208+00:00 [info] <0.248.0>                                         tags => []}}
2024-03-16 16:21:32.999503+00:00 [info] <0.638.0> Making sure data directory '/var/lib/rabbitmq/mnesia/rabbit@df0fa61ba9fd/msg_stores/vhosts/628WB79CIFDYO9LJI6DKMI09L' for vhost '/' exists
2024-03-16 16:21:33.008688+00:00 [info] <0.638.0> Setting segment_entry_count for vhost '/' with 0 queues to '2048'
2024-03-16 16:21:33.028571+00:00 [info] <0.638.0> Starting message stores for vhost '/'
2024-03-16 16:21:33.033633+00:00 [info] <0.648.0> Message store "628WB79CIFDYO9LJI6DKMI09L/msg_store_transient": using rabbit_msg_store_ets_index to provide index
2024-03-16 16:21:33.055834+00:00 [info] <0.638.0> Started message store of type transient for vhost '/'
2024-03-16 16:21:33.056011+00:00 [info] <0.652.0> Message store "628WB79CIFDYO9LJI6DKMI09L/msg_store_persistent": using rabbit_msg_store_ets_index to provide index
2024-03-16 16:21:33.057537+00:00 [warning] <0.652.0> Message store "628WB79CIFDYO9LJI6DKMI09L/msg_store_persistent": rebuilding indices from scratch
2024-03-16 16:21:33.060075+00:00 [info] <0.638.0> Started message store of type persistent for vhost '/'
2024-03-16 16:21:33.060162+00:00 [info] <0.638.0> Recovering 0 queues of type rabbit_classic_queue took 48ms
2024-03-16 16:21:33.060198+00:00 [info] <0.638.0> Recovering 0 queues of type rabbit_quorum_queue took 0ms
2024-03-16 16:21:33.060240+00:00 [info] <0.638.0> Recovering 0 queues of type rabbit_stream_queue took 0ms
2024-03-16 16:21:33.063298+00:00 [info] <0.248.0> Created user 'admin'
2024-03-16 16:21:33.066212+00:00 [info] <0.248.0> Successfully set user tags for user 'admin' to [administrator]
2024-03-16 16:21:33.069032+00:00 [info] <0.248.0> Successfully set permissions for user 'admin' in virtual host '/' to '.*', '.*', '.*'
2024-03-16 16:21:33.069082+00:00 [info] <0.248.0> Running boot step rabbit_observer_cli defined by app rabbit
2024-03-16 16:21:33.069142+00:00 [info] <0.248.0> Running boot step rabbit_looking_glass defined by app rabbit
2024-03-16 16:21:33.069158+00:00 [info] <0.248.0> Running boot step rabbit_core_metrics_gc defined by app rabbit
2024-03-16 16:21:33.069308+00:00 [info] <0.248.0> Running boot step background_gc defined by app rabbit
2024-03-16 16:21:33.069430+00:00 [info] <0.248.0> Running boot step routing_ready defined by app rabbit
2024-03-16 16:21:33.069445+00:00 [info] <0.248.0> Running boot step pre_flight defined by app rabbit
2024-03-16 16:21:33.069489+00:00 [info] <0.248.0> Running boot step notify_cluster defined by app rabbit
2024-03-16 16:21:33.069532+00:00 [info] <0.248.0> Running boot step networking defined by app rabbit
2024-03-16 16:21:33.069561+00:00 [info] <0.248.0> Running boot step rabbit_quorum_queue_periodic_membership_reconciliation defined by app rabbit
2024-03-16 16:21:33.069717+00:00 [info] <0.248.0> Running boot step definition_import_worker_pool defined by app rabbit
2024-03-16 16:21:33.069763+00:00 [info] <0.308.0> Starting worker pool 'definition_import_pool' with 24 processes in it
2024-03-16 16:21:33.070492+00:00 [info] <0.248.0> Running boot step cluster_name defined by app rabbit
2024-03-16 16:21:33.070548+00:00 [info] <0.248.0> Initialising internal cluster ID to 'rabbitmq-cluster-id-gySXJMeVjgFZmWfR_tsO7g'
2024-03-16 16:21:33.073024+00:00 [info] <0.248.0> Running boot step direct_client defined by app rabbit
2024-03-16 16:21:33.073081+00:00 [info] <0.248.0> Running boot step rabbit_management_load_definitions defined by app rabbitmq_management
2024-03-16 16:21:33.073170+00:00 [info] <0.709.0> Resetting node maintenance status
2024-03-16 16:21:33.080506+00:00 [warning] <0.732.0> Deprecated features: `management_metrics_collection`: Feature `management_metrics_collection` is deprecated.
2024-03-16 16:21:33.080506+00:00 [warning] <0.732.0> By default, this feature can still be used for now.
2024-03-16 16:21:33.080506+00:00 [warning] <0.732.0> Its use will not be permitted by default in a future minor RabbitMQ version and the feature will be removed from a future major RabbitMQ version; actual versions to be determined.
2024-03-16 16:21:33.080506+00:00 [warning] <0.732.0> To continue using this feature when it is not permitted by default, set the following parameter in your configuration:
2024-03-16 16:21:33.080506+00:00 [warning] <0.732.0>     "deprecated_features.permit.management_metrics_collection = true"
2024-03-16 16:21:33.080506+00:00 [warning] <0.732.0> To test RabbitMQ as if the feature was removed, set this in your configuration:
2024-03-16 16:21:33.080506+00:00 [warning] <0.732.0>     "deprecated_features.permit.management_metrics_collection = false"
2024-03-16 16:21:34.842013+00:00 [info] <0.769.0> Management plugin: HTTP (non-TLS) listener started on port 15672
2024-03-16 16:21:34.842114+00:00 [info] <0.800.0> Statistics database started.
2024-03-16 16:21:34.842152+00:00 [info] <0.799.0> Starting worker pool 'management_worker_pool' with 3 processes in it
2024-03-16 16:21:34.842603+00:00 [info] <0.809.0> rabbit_stomp: default user 'guest' enabled
2024-03-16 16:21:34.842983+00:00 [info] <0.828.0> started STOMP TCP listener on [::]:61613
2024-03-16 16:21:34.843630+00:00 [info] <0.835.0> Starting MQTT retained message store rabbit_mqtt_retained_msg_store_dets for vhost '/'
2024-03-16 16:21:34.843967+00:00 [info] <0.835.0> Recovered MQTT retained message store rabbit_mqtt_retained_msg_store_dets for vhost '/'
2024-03-16 16:21:34.844245+00:00 [info] <0.855.0> started MQTT TCP listener on [::]:1883
2024-03-16 16:21:34.844467+00:00 [info] <0.709.0> Ready to start client connection listeners
2024-03-16 16:21:34.845281+00:00 [info] <0.873.0> started TCP listener on [::]:5672
2024-03-16 16:21:34.895995+00:00 [info] <0.709.0> Server startup complete; 5 plugins started.
2024-03-16 16:21:34.895995+00:00 [info] <0.709.0>  * rabbitmq_mqtt
2024-03-16 16:21:34.895995+00:00 [info] <0.709.0>  * rabbitmq_stomp
2024-03-16 16:21:34.895995+00:00 [info] <0.709.0>  * rabbitmq_management
2024-03-16 16:21:34.895995+00:00 [info] <0.709.0>  * rabbitmq_management_agent
2024-03-16 16:21:34.895995+00:00 [info] <0.709.0>  * rabbitmq_web_dispatch
2024-03-16 16:21:35.086678+00:00 [info] <0.9.0> Time to start RabbitMQ: 5881226 us
